d:\___03_workspace\c++\imbt_optimizer\src\imbt_optimizer\imbtoptimizerdialog\x64\debug\imbtoptimizerdialog_d.pch
d:\___03_workspace\c++\imbt_optimizer\src\imbt_optimizer\imbtoptimizerdialog\x64\debug\vc143.pdb
d:\___03_workspace\c++\imbt_optimizer\src\imbt_optimizer\imbtoptimizerdialog\x64\debug\pch.obj
d:\___03_workspace\c++\imbt_optimizer\src\imbt_optimizer\imbtoptimizerdialog\x64\debug\stylesheet.obj
d:\___03_workspace\c++\imbt_optimizer\src\imbt_optimizer\imbtoptimizerdialog\x64\debug\get_dvhs.obj
d:\___03_workspace\c++\imbt_optimizer\src\imbt_optimizer\imbtoptimizerdialog\x64\debug\main_brachy_gs_l0_patient2_ovoid_2022.obj
d:\___03_workspace\c++\imbt_optimizer\src\imbt_optimizer\imbtoptimizerdialog\x64\debug\create_dosematrix_pure_matlab_c__.obj
d:\___03_workspace\c++\imbt_optimizer\src\imbt_optimizer\imbtoptimizerdialog\x64\debug\panelrtdisplay.obj
d:\___03_workspace\c++\imbt_optimizer\src\imbt_optimizer\imbtoptimizerdialog\x64\debug\openclhandler.obj
d:\___03_workspace\c++\imbt_optimizer\src\imbt_optimizer\imbtoptimizerdialog\x64\debug\implot_items.obj
d:\___03_workspace\c++\imbt_optimizer\src\imbt_optimizer\imbtoptimizerdialog\x64\debug\implot.obj
d:\___03_workspace\c++\imbt_optimizer\src\imbt_optimizer\imbtoptimizerdialog\x64\debug\imgui_widgets.obj
d:\___03_workspace\c++\imbt_optimizer\src\imbt_optimizer\imbtoptimizerdialog\x64\debug\imgui_tables.obj
d:\___03_workspace\c++\imbt_optimizer\src\imbt_optimizer\imbtoptimizerdialog\x64\debug\imgui_draw.obj
d:\___03_workspace\c++\imbt_optimizer\src\imbt_optimizer\imbtoptimizerdialog\x64\debug\imgui_demo.obj
d:\___03_workspace\c++\imbt_optimizer\src\imbt_optimizer\imbtoptimizerdialog\x64\debug\imgui.obj
d:\___03_workspace\c++\imbt_optimizer\src\imbt_optimizer\imbtoptimizerdialog\x64\debug\imgui_impl_opengl3.obj
d:\___03_workspace\c++\imbt_optimizer\src\imbt_optimizer\imbtoptimizerdialog\x64\debug\imgui_impl_glfw.obj
d:\___03_workspace\c++\imbt_optimizer\src\imbt_optimizer\imbtoptimizerdialog\x64\debug\imbtoptimizerdialog_imgui.obj
d:\___03_workspace\c++\imbt_optimizer\src\imbt_optimizer\imbtoptimizerdialog\x64\debug\imbtoptimizerdialog.obj
d:\___03_workspace\c++\imbt_optimizer\src\imbt_optimizer\imbtoptimizerdialog\x64\debug\crunningdlg.obj
d:\___03_workspace\c++\imbt_optimizer\src\imbt_optimizer\imbtoptimizerdialog\x64\debug\cdialogimbtoptimizer_imgui.obj
d:\___03_workspace\c++\imbt_optimizer\src\imbt_optimizer\imbtoptimizerdialog\x64\debug\cdialogimbtoptimizer.obj
d:\___03_workspace\c++\imbt_optimizer\src\imbt_optimizer\imbtoptimizerdialog\x64\debug\unibutton.obj
d:\___03_workspace\c++\imbt_optimizer\src\imbt_optimizer\imbtoptimizerdialog\x64\debug\dllmain.obj
d:\___03_workspace\c++\imbt_optimizer\src\imbt_optimizer\imbtoptimizerdialog\x64\debug\gl3w.obj
d:\___03_workspace\c++\imbt_optimizer\src\imbt_optimizer\x64\debug\opencl.dll
d:\___03_workspace\c++\imbt_optimizer\src\imbt_optimizer\x64\debug\imbtoptimizerdialog_d.dll
d:\___03_workspace\c++\imbt_optimizer\src\imbt_optimizer\x64\debug\imbtoptimizerdialog_d.pdb
d:\___03_workspace\c++\imbt_optimizer\src\imbt_optimizer\imbtoptimizerdialog\x64\debug\imbtoptimizerdialog.res
d:\___03_workspace\c++\imbt_optimizer\src\imbt_optimizer\x64\debug\imbtoptimizerdialog_d.lib
d:\___03_workspace\c++\imbt_optimizer\src\imbt_optimizer\x64\debug\imbtoptimizerdialog_d.exp
d:\___03_workspace\c++\imbt_optimizer\src\imbt_optimizer\imbtoptimizerdialog\x64\debug\imbtoptimizerdialog_d.ilk
d:\___03_workspace\c++\imbt_optimizer\src\imbt_optimizer\imbtoptimizerdialog\x64\debug\imbtopti.6b0cff3d.tlog\cl.command.1.tlog
d:\___03_workspace\c++\imbt_optimizer\src\imbt_optimizer\imbtoptimizerdialog\x64\debug\imbtopti.6b0cff3d.tlog\cl.items.tlog
d:\___03_workspace\c++\imbt_optimizer\src\imbt_optimizer\imbtoptimizerdialog\x64\debug\imbtopti.6b0cff3d.tlog\cl.read.1.tlog
d:\___03_workspace\c++\imbt_optimizer\src\imbt_optimizer\imbtoptimizerdialog\x64\debug\imbtopti.6b0cff3d.tlog\cl.write.1.tlog
d:\___03_workspace\c++\imbt_optimizer\src\imbt_optimizer\imbtoptimizerdialog\x64\debug\imbtopti.6b0cff3d.tlog\imbtoptimizerdialog.write.1u.tlog
d:\___03_workspace\c++\imbt_optimizer\src\imbt_optimizer\imbtoptimizerdialog\x64\debug\imbtopti.6b0cff3d.tlog\link.command.1.tlog
d:\___03_workspace\c++\imbt_optimizer\src\imbt_optimizer\imbtoptimizerdialog\x64\debug\imbtopti.6b0cff3d.tlog\link.read.1.tlog
d:\___03_workspace\c++\imbt_optimizer\src\imbt_optimizer\imbtoptimizerdialog\x64\debug\imbtopti.6b0cff3d.tlog\link.secondary.1.tlog
d:\___03_workspace\c++\imbt_optimizer\src\imbt_optimizer\imbtoptimizerdialog\x64\debug\imbtopti.6b0cff3d.tlog\link.write.1.tlog
d:\___03_workspace\c++\imbt_optimizer\src\imbt_optimizer\imbtoptimizerdialog\x64\debug\imbtopti.6b0cff3d.tlog\rc.command.1.tlog
d:\___03_workspace\c++\imbt_optimizer\src\imbt_optimizer\imbtoptimizerdialog\x64\debug\imbtopti.6b0cff3d.tlog\rc.read.1.tlog
d:\___03_workspace\c++\imbt_optimizer\src\imbt_optimizer\imbtoptimizerdialog\x64\debug\imbtopti.6b0cff3d.tlog\rc.write.1.tlog
