d:\___03_workspace\c++\imbt_optimizer\src\imbt_optimizer\imbt_optimizer\x64\debug\imbt_optimizer.pch
d:\___03_workspace\c++\imbt_optimizer\src\imbt_optimizer\imbt_optimizer\x64\debug\vc143.pdb
d:\___03_workspace\c++\imbt_optimizer\src\imbt_optimizer\imbt_optimizer\x64\debug\vc143.idb
d:\___03_workspace\c++\imbt_optimizer\src\imbt_optimizer\imbt_optimizer\x64\debug\pch.obj
d:\___03_workspace\c++\imbt_optimizer\src\imbt_optimizer\imbt_optimizer\x64\debug\imbt_optimizerdlg.obj
d:\___03_workspace\c++\imbt_optimizer\src\imbt_optimizer\imbt_optimizer\x64\debug\imbt_optimizer.obj
d:\___03_workspace\c++\imbt_optimizer\src\imbt_optimizer\imbt_optimizer\x64\debug\ccreatingdlg.obj
d:\___03_workspace\c++\imbt_optimizer\src\imbt_optimizer\x64\debug\opencl.dll
d:\___03_workspace\c++\imbt_optimizer\src\imbt_optimizer\x64\debug\imbt_optimizer.exe
d:\___03_workspace\c++\imbt_optimizer\src\imbt_optimizer\x64\debug\imbt_optimizer.pdb
d:\___03_workspace\c++\imbt_optimizer\src\imbt_optimizer\imbt_optimizer\x64\debug\imbtoptimizer.res
d:\___03_workspace\c++\imbt_optimizer\src\imbt_optimizer\x64\debug\imbt_optimizer.lib
d:\___03_workspace\c++\imbt_optimizer\src\imbt_optimizer\x64\debug\imbt_optimizer.exp
d:\___03_workspace\c++\imbt_optimizer\src\imbt_optimizer\imbt_optimizer\x64\debug\imbt_optimizer.ilk
d:\___03_workspace\c++\imbt_optimizer\src\imbt_optimizer\imbt_optimizer\x64\debug\imbt_optimizer.tlog\cl.command.1.tlog
d:\___03_workspace\c++\imbt_optimizer\src\imbt_optimizer\imbt_optimizer\x64\debug\imbt_optimizer.tlog\cl.items.tlog
d:\___03_workspace\c++\imbt_optimizer\src\imbt_optimizer\imbt_optimizer\x64\debug\imbt_optimizer.tlog\cl.read.1.tlog
d:\___03_workspace\c++\imbt_optimizer\src\imbt_optimizer\imbt_optimizer\x64\debug\imbt_optimizer.tlog\cl.write.1.tlog
d:\___03_workspace\c++\imbt_optimizer\src\imbt_optimizer\imbt_optimizer\x64\debug\imbt_optimizer.tlog\imbt_optimizer.write.1u.tlog
d:\___03_workspace\c++\imbt_optimizer\src\imbt_optimizer\imbt_optimizer\x64\debug\imbt_optimizer.tlog\link.command.1.tlog
d:\___03_workspace\c++\imbt_optimizer\src\imbt_optimizer\imbt_optimizer\x64\debug\imbt_optimizer.tlog\link.read.1.tlog
d:\___03_workspace\c++\imbt_optimizer\src\imbt_optimizer\imbt_optimizer\x64\debug\imbt_optimizer.tlog\link.secondary.1.tlog
d:\___03_workspace\c++\imbt_optimizer\src\imbt_optimizer\imbt_optimizer\x64\debug\imbt_optimizer.tlog\link.write.1.tlog
d:\___03_workspace\c++\imbt_optimizer\src\imbt_optimizer\imbt_optimizer\x64\debug\imbt_optimizer.tlog\rc.command.1.tlog
d:\___03_workspace\c++\imbt_optimizer\src\imbt_optimizer\imbt_optimizer\x64\debug\imbt_optimizer.tlog\rc.read.1.tlog
d:\___03_workspace\c++\imbt_optimizer\src\imbt_optimizer\imbt_optimizer\x64\debug\imbt_optimizer.tlog\rc.write.1.tlog
