  IMBT_Optimizer.cpp
D:\___03_Workspace\C++\IMBT_optimizer\src\IMBT_Optimizer\IMBTOptimizerDialog\includes\NumCpp\Functions\diagflat.hpp(1,1): warning C4819: 현재 코드 페이지(949)에서 표시할 수 없는 문자가 파일에 들어 있습니다. 데이터가 손실되지 않게 하려면 해당 파일을 유니코드 형식으로 저장하십시오.
  (소스 파일 'IMBT_Optimizer.cpp'을(를) 컴파일하는 중)
  
D:\___03_Workspace\C++\IMBT_optimizer\src\IMBT_Optimizer\IMBTOptimizerDialog\includes\NumCpp\Linalg\solve.hpp(1,1): warning C4819: 현재 코드 페이지(949)에서 표시할 수 없는 문자가 파일에 들어 있습니다. 데이터가 손실되지 않게 하려면 해당 파일을 유니코드 형식으로 저장하십시오.
  (소스 파일 'IMBT_Optimizer.cpp'을(를) 컴파일하는 중)
  
D:\___03_Workspace\C++\IMBT_optimizer\src\IMBT_Optimizer\IMBTOptimizerDialog\includes\NumCpp\NdArray\NdArrayCore.hpp(3958,71): warning C4267: '인수': 'size_t'에서 'nc::NdArray<nc::NdArray<dtype,Allocator>::size_type,std::allocator<std::_Vbase>>::size_type'(으)로 변환하면서 데이터가 손실될 수 있습니다.
  (소스 파일 'IMBT_Optimizer.cpp'을(를) 컴파일하는 중)
      D:\___03_Workspace\C++\IMBT_optimizer\src\IMBT_Optimizer\IMBTOptimizerDialog\includes\NumCpp\NdArray\NdArrayCore.hpp(3958,71):
      템플릿 인스턴스화 컨텍스트(가장 오래된 인스턴스화 컨텍스트)가
          D:\___03_Workspace\C++\IMBT_optimizer\src\IMBT_Optimizer\IMBTOptimizerDialog\includes\NumCpp\Functions\unpackbits.hpp(51,27):
          컴파일되는 클래스 템플릿 인스턴스화 'nc::NdArray<nc::uint8,std::allocator<uchar>>'에 대한 참조를 확인하세요.
          D:\___03_Workspace\C++\IMBT_optimizer\src\IMBT_Optimizer\IMBTOptimizerDialog\includes\NumCpp\NdArray\NdArrayCore.hpp(4075,20):
          클래스 템플릿 멤버 함수 'nc::NdArray<nc::uint8,std::allocator<uchar>> &nc::NdArray<nc::uint8,std::allocator<uchar>>::put(nc::NdArray<nc::uint8,std::allocator<uchar>>::index_type,const nc::Slice &,const nc::NdArray<nc::uint8,std::allocator<uchar>> &)'을(를) 컴파일하는 중입니다.
              D:\___03_Workspace\C++\IMBT_optimizer\src\IMBT_Optimizer\IMBTOptimizerDialog\includes\NumCpp\Functions\unpackbits.hpp(81,31):
              'nc::unpackbitsLittleEndian'에서 'nc::NdArray<nc::uint8,std::allocator<uchar>>::put'에 대한 첫 번째 참조를 확인하세요.
          D:\___03_Workspace\C++\IMBT_optimizer\src\IMBT_Optimizer\IMBTOptimizerDialog\includes\NumCpp\NdArray\NdArrayCore.hpp(4078,20):
          컴파일되는 함수 템플릿 인스턴스화 'nc::NdArray<nc::uint8,std::allocator<uchar>> &nc::NdArray<nc::uint8,std::allocator<uchar>>::put<nc::NdArray<int,std::allocator<int>>,nc::NdArray<nc::NdArray<dtype,Allocator>::size_type,std::allocator<std::_Vbase>>,0,0>(const RowIndices &,const ColIndices &,const nc::NdArray<nc::uint8,std::allocator<uchar>> &)'에 대한 참조를 확인하세요.
          with
          [
              RowIndices=nc::NdArray<int,std::allocator<int>>,
              ColIndices=nc::NdArray<nc::NdArray<dtype,Allocator>::size_type,std::allocator<std::_Vbase>>
          ]
  
  IMBT_OptimizerDlg.cpp
D:\___03_Workspace\C++\IMBT_optimizer\src\IMBT_Optimizer\IMBT_Optimizer\IMBT_OptimizerDlg.cpp(1,1): warning C4819: 현재 코드 페이지(949)에서 표시할 수 없는 문자가 파일에 들어 있습니다. 데이터가 손실되지 않게 하려면 해당 파일을 유니코드 형식으로 저장하십시오.
D:\___03_Workspace\C++\IMBT_optimizer\src\IMBT_Optimizer\IMBTOptimizerDialog\includes\NumCpp\Functions\diagflat.hpp(1,1): warning C4819: 현재 코드 페이지(949)에서 표시할 수 없는 문자가 파일에 들어 있습니다. 데이터가 손실되지 않게 하려면 해당 파일을 유니코드 형식으로 저장하십시오.
  (소스 파일 'IMBT_OptimizerDlg.cpp'을(를) 컴파일하는 중)
  
D:\___03_Workspace\C++\IMBT_optimizer\src\IMBT_Optimizer\IMBTOptimizerDialog\includes\NumCpp\Linalg\solve.hpp(1,1): warning C4819: 현재 코드 페이지(949)에서 표시할 수 없는 문자가 파일에 들어 있습니다. 데이터가 손실되지 않게 하려면 해당 파일을 유니코드 형식으로 저장하십시오.
  (소스 파일 'IMBT_OptimizerDlg.cpp'을(를) 컴파일하는 중)
  
D:\___03_Workspace\C++\IMBT_optimizer\src\IMBT_Optimizer\IMBTOptimizerDialog\includes\GLFW\glfw3.h(3235,1): warning C4819: 현재 코드 페이지(949)에서 표시할 수 없는 문자가 파일에 들어 있습니다. 데이터가 손실되지 않게 하려면 해당 파일을 유니코드 형식으로 저장하십시오.
  (소스 파일 'IMBT_OptimizerDlg.cpp'을(를) 컴파일하는 중)
  
D:\___03_Workspace\C++\IMBT_optimizer\src\IMBT_Optimizer\IMBTOptimizerDialog\includes\xtensor\xutils.hpp(34,9): warning C4005: 'NOEXCEPT': 매크로 재정의
  (소스 파일 'IMBT_OptimizerDlg.cpp'을(를) 컴파일하는 중)
      C:\Program Files\MATLAB\R2024b\extern\include\MatlabExecutionInterface\exception.hpp(14,9):
      'NOEXCEPT'의 이전 정의를 참조하십시오.
  
D:\___03_Workspace\C++\IMBT_optimizer\src\IMBT_Optimizer\IMBTOptimizerDialog\includes\xtensor\xbuilder.hpp(1,1): warning C4819: 현재 코드 페이지(949)에서 표시할 수 없는 문자가 파일에 들어 있습니다. 데이터가 손실되지 않게 하려면 해당 파일을 유니코드 형식으로 저장하십시오.
  (소스 파일 'IMBT_OptimizerDlg.cpp'을(를) 컴파일하는 중)
  
D:\___03_Workspace\C++\IMBT_optimizer\src\IMBT_Optimizer\IMBT_Optimizer\IMBT_OptimizerDlg.cpp(204,20): warning C4305: '인수': 'double'에서 'float'(으)로 잘립니다.
D:\___03_Workspace\C++\IMBT_optimizer\src\IMBT_Optimizer\IMBT_Optimizer\IMBT_OptimizerDlg.cpp(204,12): warning C4305: '인수': 'double'에서 'float'(으)로 잘립니다.
D:\___03_Workspace\C++\IMBT_optimizer\src\IMBT_Optimizer\IMBT_Optimizer\IMBT_OptimizerDlg.cpp(204,4): warning C4305: '인수': 'double'에서 'float'(으)로 잘립니다.
D:\___03_Workspace\C++\IMBT_optimizer\src\IMBT_Optimizer\IMBT_Optimizer\IMBT_OptimizerDlg.cpp(205,19): warning C4305: '인수': 'double'에서 'float'(으)로 잘립니다.
D:\___03_Workspace\C++\IMBT_optimizer\src\IMBT_Optimizer\IMBT_Optimizer\IMBT_OptimizerDlg.cpp(205,11): warning C4305: '인수': 'double'에서 'float'(으)로 잘립니다.
D:\___03_Workspace\C++\IMBT_optimizer\src\IMBT_Optimizer\IMBT_Optimizer\IMBT_OptimizerDlg.cpp(205,4): warning C4305: '인수': 'double'에서 'float'(으)로 잘립니다.
D:\___03_Workspace\C++\IMBT_optimizer\src\IMBT_Optimizer\IMBT_Optimizer\IMBT_OptimizerDlg.cpp(206,20): warning C4305: '인수': 'double'에서 'float'(으)로 잘립니다.
D:\___03_Workspace\C++\IMBT_optimizer\src\IMBT_Optimizer\IMBT_Optimizer\IMBT_OptimizerDlg.cpp(206,12): warning C4305: '인수': 'double'에서 'float'(으)로 잘립니다.
D:\___03_Workspace\C++\IMBT_optimizer\src\IMBT_Optimizer\IMBT_Optimizer\IMBT_OptimizerDlg.cpp(206,4): warning C4305: '인수': 'double'에서 'float'(으)로 잘립니다.
D:\___03_Workspace\C++\IMBT_optimizer\src\IMBT_Optimizer\IMBT_Optimizer\IMBT_OptimizerDlg.cpp(207,20): warning C4305: '인수': 'double'에서 'float'(으)로 잘립니다.
D:\___03_Workspace\C++\IMBT_optimizer\src\IMBT_Optimizer\IMBT_Optimizer\IMBT_OptimizerDlg.cpp(207,12): warning C4305: '인수': 'double'에서 'float'(으)로 잘립니다.
D:\___03_Workspace\C++\IMBT_optimizer\src\IMBT_Optimizer\IMBT_Optimizer\IMBT_OptimizerDlg.cpp(207,4): warning C4305: '인수': 'double'에서 'float'(으)로 잘립니다.
D:\___03_Workspace\C++\IMBT_optimizer\src\IMBT_Optimizer\IMBT_Optimizer\IMBT_OptimizerDlg.cpp(208,20): warning C4305: '인수': 'double'에서 'float'(으)로 잘립니다.
D:\___03_Workspace\C++\IMBT_optimizer\src\IMBT_Optimizer\IMBT_Optimizer\IMBT_OptimizerDlg.cpp(208,12): warning C4305: '인수': 'double'에서 'float'(으)로 잘립니다.
D:\___03_Workspace\C++\IMBT_optimizer\src\IMBT_Optimizer\IMBT_Optimizer\IMBT_OptimizerDlg.cpp(208,4): warning C4305: '인수': 'double'에서 'float'(으)로 잘립니다.
D:\___03_Workspace\C++\IMBT_optimizer\src\IMBT_Optimizer\IMBT_Optimizer\IMBT_OptimizerDlg.cpp(209,20): warning C4305: '인수': 'double'에서 'float'(으)로 잘립니다.
D:\___03_Workspace\C++\IMBT_optimizer\src\IMBT_Optimizer\IMBT_Optimizer\IMBT_OptimizerDlg.cpp(209,12): warning C4305: '인수': 'double'에서 'float'(으)로 잘립니다.
D:\___03_Workspace\C++\IMBT_optimizer\src\IMBT_Optimizer\IMBT_Optimizer\IMBT_OptimizerDlg.cpp(209,4): warning C4305: '인수': 'double'에서 'float'(으)로 잘립니다.
D:\___03_Workspace\C++\IMBT_optimizer\src\IMBT_Optimizer\IMBT_Optimizer\IMBT_OptimizerDlg.cpp(210,20): warning C4305: '인수': 'double'에서 'float'(으)로 잘립니다.
D:\___03_Workspace\C++\IMBT_optimizer\src\IMBT_Optimizer\IMBT_Optimizer\IMBT_OptimizerDlg.cpp(210,12): warning C4305: '인수': 'double'에서 'float'(으)로 잘립니다.
D:\___03_Workspace\C++\IMBT_optimizer\src\IMBT_Optimizer\IMBT_Optimizer\IMBT_OptimizerDlg.cpp(210,4): warning C4305: '인수': 'double'에서 'float'(으)로 잘립니다.
D:\___03_Workspace\C++\IMBT_optimizer\src\IMBT_Optimizer\IMBT_Optimizer\IMBT_OptimizerDlg.cpp(211,20): warning C4305: '인수': 'double'에서 'float'(으)로 잘립니다.
D:\___03_Workspace\C++\IMBT_optimizer\src\IMBT_Optimizer\IMBT_Optimizer\IMBT_OptimizerDlg.cpp(211,4): warning C4305: '인수': 'double'에서 'float'(으)로 잘립니다.
D:\___03_Workspace\C++\IMBT_optimizer\src\IMBT_Optimizer\IMBT_Optimizer\IMBT_OptimizerDlg.cpp(215,20): warning C4305: '인수': 'double'에서 'float'(으)로 잘립니다.
D:\___03_Workspace\C++\IMBT_optimizer\src\IMBT_Optimizer\IMBT_Optimizer\IMBT_OptimizerDlg.cpp(215,12): warning C4305: '인수': 'double'에서 'float'(으)로 잘립니다.
D:\___03_Workspace\C++\IMBT_optimizer\src\IMBT_Optimizer\IMBT_Optimizer\IMBT_OptimizerDlg.cpp(215,4): warning C4305: '인수': 'double'에서 'float'(으)로 잘립니다.
D:\___03_Workspace\C++\IMBT_optimizer\src\IMBT_Optimizer\IMBT_Optimizer\IMBT_OptimizerDlg.cpp(216,20): warning C4305: '인수': 'double'에서 'float'(으)로 잘립니다.
D:\___03_Workspace\C++\IMBT_optimizer\src\IMBT_Optimizer\IMBT_Optimizer\IMBT_OptimizerDlg.cpp(216,12): warning C4305: '인수': 'double'에서 'float'(으)로 잘립니다.
D:\___03_Workspace\C++\IMBT_optimizer\src\IMBT_Optimizer\IMBT_Optimizer\IMBT_OptimizerDlg.cpp(216,4): warning C4305: '인수': 'double'에서 'float'(으)로 잘립니다.
D:\___03_Workspace\C++\IMBT_optimizer\src\IMBT_Optimizer\IMBT_Optimizer\IMBT_OptimizerDlg.cpp(217,20): warning C4305: '인수': 'double'에서 'float'(으)로 잘립니다.
D:\___03_Workspace\C++\IMBT_optimizer\src\IMBT_Optimizer\IMBT_Optimizer\IMBT_OptimizerDlg.cpp(217,12): warning C4305: '인수': 'double'에서 'float'(으)로 잘립니다.
D:\___03_Workspace\C++\IMBT_optimizer\src\IMBT_Optimizer\IMBT_Optimizer\IMBT_OptimizerDlg.cpp(217,4): warning C4305: '인수': 'double'에서 'float'(으)로 잘립니다.
D:\___03_Workspace\C++\IMBT_optimizer\src\IMBT_Optimizer\IMBT_Optimizer\IMBT_OptimizerDlg.cpp(218,20): warning C4305: '인수': 'double'에서 'float'(으)로 잘립니다.
D:\___03_Workspace\C++\IMBT_optimizer\src\IMBT_Optimizer\IMBT_Optimizer\IMBT_OptimizerDlg.cpp(218,12): warning C4305: '인수': 'double'에서 'float'(으)로 잘립니다.
D:\___03_Workspace\C++\IMBT_optimizer\src\IMBT_Optimizer\IMBT_Optimizer\IMBT_OptimizerDlg.cpp(218,4): warning C4305: '인수': 'double'에서 'float'(으)로 잘립니다.
D:\___03_Workspace\C++\IMBT_optimizer\src\IMBT_Optimizer\IMBT_Optimizer\IMBT_OptimizerDlg.cpp(219,20): warning C4305: '인수': 'double'에서 'float'(으)로 잘립니다.
D:\___03_Workspace\C++\IMBT_optimizer\src\IMBT_Optimizer\IMBT_Optimizer\IMBT_OptimizerDlg.cpp(219,12): warning C4305: '인수': 'double'에서 'float'(으)로 잘립니다.
D:\___03_Workspace\C++\IMBT_optimizer\src\IMBT_Optimizer\IMBT_Optimizer\IMBT_OptimizerDlg.cpp(219,4): warning C4305: '인수': 'double'에서 'float'(으)로 잘립니다.
D:\___03_Workspace\C++\IMBT_optimizer\src\IMBT_Optimizer\IMBT_Optimizer\IMBT_OptimizerDlg.cpp(220,20): warning C4305: '인수': 'double'에서 'float'(으)로 잘립니다.
D:\___03_Workspace\C++\IMBT_optimizer\src\IMBT_Optimizer\IMBT_Optimizer\IMBT_OptimizerDlg.cpp(220,12): warning C4305: '인수': 'double'에서 'float'(으)로 잘립니다.
D:\___03_Workspace\C++\IMBT_optimizer\src\IMBT_Optimizer\IMBT_Optimizer\IMBT_OptimizerDlg.cpp(220,4): warning C4305: '인수': 'double'에서 'float'(으)로 잘립니다.
D:\___03_Workspace\C++\IMBT_optimizer\src\IMBT_Optimizer\IMBT_Optimizer\IMBT_OptimizerDlg.cpp(221,12): warning C4305: '인수': 'double'에서 'float'(으)로 잘립니다.
D:\___03_Workspace\C++\IMBT_optimizer\src\IMBT_Optimizer\IMBT_Optimizer\IMBT_OptimizerDlg.cpp(221,4): warning C4305: '인수': 'double'에서 'float'(으)로 잘립니다.
D:\___03_Workspace\C++\IMBT_optimizer\src\IMBT_Optimizer\IMBT_Optimizer\IMBT_OptimizerDlg.cpp(222,20): warning C4305: '인수': 'double'에서 'float'(으)로 잘립니다.
D:\___03_Workspace\C++\IMBT_optimizer\src\IMBT_Optimizer\IMBT_Optimizer\IMBT_OptimizerDlg.cpp(222,12): warning C4305: '인수': 'double'에서 'float'(으)로 잘립니다.
D:\___03_Workspace\C++\IMBT_optimizer\src\IMBT_Optimizer\IMBT_Optimizer\IMBT_OptimizerDlg.cpp(222,4): warning C4305: '인수': 'double'에서 'float'(으)로 잘립니다.
D:\___03_Workspace\C++\IMBT_optimizer\src\IMBT_Optimizer\IMBT_Optimizer\IMBT_OptimizerDlg.cpp(226,20): warning C4305: '인수': 'double'에서 'float'(으)로 잘립니다.
D:\___03_Workspace\C++\IMBT_optimizer\src\IMBT_Optimizer\IMBT_Optimizer\IMBT_OptimizerDlg.cpp(226,12): warning C4305: '인수': 'double'에서 'float'(으)로 잘립니다.
D:\___03_Workspace\C++\IMBT_optimizer\src\IMBT_Optimizer\IMBT_Optimizer\IMBT_OptimizerDlg.cpp(226,4): warning C4305: '인수': 'double'에서 'float'(으)로 잘립니다.
D:\___03_Workspace\C++\IMBT_optimizer\src\IMBT_Optimizer\IMBT_Optimizer\IMBT_OptimizerDlg.cpp(227,20): warning C4305: '인수': 'double'에서 'float'(으)로 잘립니다.
D:\___03_Workspace\C++\IMBT_optimizer\src\IMBT_Optimizer\IMBT_Optimizer\IMBT_OptimizerDlg.cpp(227,12): warning C4305: '인수': 'double'에서 'float'(으)로 잘립니다.
D:\___03_Workspace\C++\IMBT_optimizer\src\IMBT_Optimizer\IMBT_Optimizer\IMBT_OptimizerDlg.cpp(227,4): warning C4305: '인수': 'double'에서 'float'(으)로 잘립니다.
D:\___03_Workspace\C++\IMBT_optimizer\src\IMBT_Optimizer\IMBT_Optimizer\IMBT_OptimizerDlg.cpp(228,20): warning C4305: '인수': 'double'에서 'float'(으)로 잘립니다.
D:\___03_Workspace\C++\IMBT_optimizer\src\IMBT_Optimizer\IMBT_Optimizer\IMBT_OptimizerDlg.cpp(228,12): warning C4305: '인수': 'double'에서 'float'(으)로 잘립니다.
D:\___03_Workspace\C++\IMBT_optimizer\src\IMBT_Optimizer\IMBT_Optimizer\IMBT_OptimizerDlg.cpp(228,4): warning C4305: '인수': 'double'에서 'float'(으)로 잘립니다.
D:\___03_Workspace\C++\IMBT_optimizer\src\IMBT_Optimizer\IMBT_Optimizer\IMBT_OptimizerDlg.cpp(229,20): warning C4305: '인수': 'double'에서 'float'(으)로 잘립니다.
D:\___03_Workspace\C++\IMBT_optimizer\src\IMBT_Optimizer\IMBT_Optimizer\IMBT_OptimizerDlg.cpp(229,12): warning C4305: '인수': 'double'에서 'float'(으)로 잘립니다.
D:\___03_Workspace\C++\IMBT_optimizer\src\IMBT_Optimizer\IMBT_Optimizer\IMBT_OptimizerDlg.cpp(229,4): warning C4305: '인수': 'double'에서 'float'(으)로 잘립니다.
D:\___03_Workspace\C++\IMBT_optimizer\src\IMBT_Optimizer\IMBT_Optimizer\IMBT_OptimizerDlg.cpp(230,20): warning C4305: '인수': 'double'에서 'float'(으)로 잘립니다.
D:\___03_Workspace\C++\IMBT_optimizer\src\IMBT_Optimizer\IMBT_Optimizer\IMBT_OptimizerDlg.cpp(230,12): warning C4305: '인수': 'double'에서 'float'(으)로 잘립니다.
D:\___03_Workspace\C++\IMBT_optimizer\src\IMBT_Optimizer\IMBT_Optimizer\IMBT_OptimizerDlg.cpp(230,4): warning C4305: '인수': 'double'에서 'float'(으)로 잘립니다.
D:\___03_Workspace\C++\IMBT_optimizer\src\IMBT_Optimizer\IMBT_Optimizer\IMBT_OptimizerDlg.cpp(231,20): warning C4305: '인수': 'double'에서 'float'(으)로 잘립니다.
D:\___03_Workspace\C++\IMBT_optimizer\src\IMBT_Optimizer\IMBT_Optimizer\IMBT_OptimizerDlg.cpp(231,12): warning C4305: '인수': 'double'에서 'float'(으)로 잘립니다.
D:\___03_Workspace\C++\IMBT_optimizer\src\IMBT_Optimizer\IMBT_Optimizer\IMBT_OptimizerDlg.cpp(231,4): warning C4305: '인수': 'double'에서 'float'(으)로 잘립니다.
D:\___03_Workspace\C++\IMBT_optimizer\src\IMBT_Optimizer\IMBT_Optimizer\IMBT_OptimizerDlg.cpp(232,20): warning C4305: '인수': 'double'에서 'float'(으)로 잘립니다.
D:\___03_Workspace\C++\IMBT_optimizer\src\IMBT_Optimizer\IMBT_Optimizer\IMBT_OptimizerDlg.cpp(232,12): warning C4305: '인수': 'double'에서 'float'(으)로 잘립니다.
D:\___03_Workspace\C++\IMBT_optimizer\src\IMBT_Optimizer\IMBT_Optimizer\IMBT_OptimizerDlg.cpp(232,4): warning C4305: '인수': 'double'에서 'float'(으)로 잘립니다.
D:\___03_Workspace\C++\IMBT_optimizer\src\IMBT_Optimizer\IMBT_Optimizer\IMBT_OptimizerDlg.cpp(233,20): warning C4305: '인수': 'double'에서 'float'(으)로 잘립니다.
D:\___03_Workspace\C++\IMBT_optimizer\src\IMBT_Optimizer\IMBT_Optimizer\IMBT_OptimizerDlg.cpp(233,12): warning C4305: '인수': 'double'에서 'float'(으)로 잘립니다.
D:\___03_Workspace\C++\IMBT_optimizer\src\IMBT_Optimizer\IMBT_Optimizer\IMBT_OptimizerDlg.cpp(233,4): warning C4305: '인수': 'double'에서 'float'(으)로 잘립니다.
D:\___03_Workspace\C++\IMBT_optimizer\src\IMBT_Optimizer\IMBT_Optimizer\IMBT_OptimizerDlg.cpp(234,20): warning C4305: '인수': 'double'에서 'float'(으)로 잘립니다.
D:\___03_Workspace\C++\IMBT_optimizer\src\IMBT_Optimizer\IMBT_Optimizer\IMBT_OptimizerDlg.cpp(234,12): warning C4305: '인수': 'double'에서 'float'(으)로 잘립니다.
D:\___03_Workspace\C++\IMBT_optimizer\src\IMBT_Optimizer\IMBT_Optimizer\IMBT_OptimizerDlg.cpp(234,4): warning C4305: '인수': 'double'에서 'float'(으)로 잘립니다.
D:\___03_Workspace\C++\IMBT_optimizer\src\IMBT_Optimizer\IMBT_Optimizer\IMBT_OptimizerDlg.cpp(235,20): warning C4305: '인수': 'double'에서 'float'(으)로 잘립니다.
D:\___03_Workspace\C++\IMBT_optimizer\src\IMBT_Optimizer\IMBT_Optimizer\IMBT_OptimizerDlg.cpp(235,12): warning C4305: '인수': 'double'에서 'float'(으)로 잘립니다.
D:\___03_Workspace\C++\IMBT_optimizer\src\IMBT_Optimizer\IMBT_Optimizer\IMBT_OptimizerDlg.cpp(235,4): warning C4305: '인수': 'double'에서 'float'(으)로 잘립니다.
D:\___03_Workspace\C++\IMBT_optimizer\src\IMBT_Optimizer\IMBT_Optimizer\IMBT_OptimizerDlg.cpp(236,20): warning C4305: '인수': 'double'에서 'float'(으)로 잘립니다.
D:\___03_Workspace\C++\IMBT_optimizer\src\IMBT_Optimizer\IMBT_Optimizer\IMBT_OptimizerDlg.cpp(236,12): warning C4305: '인수': 'double'에서 'float'(으)로 잘립니다.
D:\___03_Workspace\C++\IMBT_optimizer\src\IMBT_Optimizer\IMBT_Optimizer\IMBT_OptimizerDlg.cpp(236,4): warning C4305: '인수': 'double'에서 'float'(으)로 잘립니다.
D:\___03_Workspace\C++\IMBT_optimizer\src\IMBT_Optimizer\IMBT_Optimizer\IMBT_OptimizerDlg.cpp(237,20): warning C4305: '인수': 'double'에서 'float'(으)로 잘립니다.
D:\___03_Workspace\C++\IMBT_optimizer\src\IMBT_Optimizer\IMBT_Optimizer\IMBT_OptimizerDlg.cpp(237,12): warning C4305: '인수': 'double'에서 'float'(으)로 잘립니다.
D:\___03_Workspace\C++\IMBT_optimizer\src\IMBT_Optimizer\IMBT_Optimizer\IMBT_OptimizerDlg.cpp(237,4): warning C4305: '인수': 'double'에서 'float'(으)로 잘립니다.
D:\___03_Workspace\C++\IMBT_optimizer\src\IMBT_Optimizer\IMBT_Optimizer\IMBT_OptimizerDlg.cpp(238,20): warning C4305: '인수': 'double'에서 'float'(으)로 잘립니다.
D:\___03_Workspace\C++\IMBT_optimizer\src\IMBT_Optimizer\IMBT_Optimizer\IMBT_OptimizerDlg.cpp(238,12): warning C4305: '인수': 'double'에서 'float'(으)로 잘립니다.
D:\___03_Workspace\C++\IMBT_optimizer\src\IMBT_Optimizer\IMBT_Optimizer\IMBT_OptimizerDlg.cpp(238,4): warning C4305: '인수': 'double'에서 'float'(으)로 잘립니다.
D:\___03_Workspace\C++\IMBT_optimizer\src\IMBT_Optimizer\IMBT_Optimizer\IMBT_OptimizerDlg.cpp(239,20): warning C4305: '인수': 'double'에서 'float'(으)로 잘립니다.
D:\___03_Workspace\C++\IMBT_optimizer\src\IMBT_Optimizer\IMBT_Optimizer\IMBT_OptimizerDlg.cpp(239,12): warning C4305: '인수': 'double'에서 'float'(으)로 잘립니다.
D:\___03_Workspace\C++\IMBT_optimizer\src\IMBT_Optimizer\IMBT_Optimizer\IMBT_OptimizerDlg.cpp(239,4): warning C4305: '인수': 'double'에서 'float'(으)로 잘립니다.
D:\___03_Workspace\C++\IMBT_optimizer\src\IMBT_Optimizer\IMBT_Optimizer\IMBT_OptimizerDlg.cpp(240,20): warning C4305: '인수': 'double'에서 'float'(으)로 잘립니다.
D:\___03_Workspace\C++\IMBT_optimizer\src\IMBT_Optimizer\IMBT_Optimizer\IMBT_OptimizerDlg.cpp(240,12): warning C4305: '인수': 'double'에서 'float'(으)로 잘립니다.
D:\___03_Workspace\C++\IMBT_optimizer\src\IMBT_Optimizer\IMBT_Optimizer\IMBT_OptimizerDlg.cpp(240,4): warning C4305: '인수': 'double'에서 'float'(으)로 잘립니다.
D:\___03_Workspace\C++\IMBT_optimizer\src\IMBT_Optimizer\IMBT_Optimizer\IMBT_OptimizerDlg.cpp(241,20): warning C4305: '인수': 'double'에서 'float'(으)로 잘립니다.
D:\___03_Workspace\C++\IMBT_optimizer\src\IMBT_Optimizer\IMBT_Optimizer\IMBT_OptimizerDlg.cpp(241,12): warning C4305: '인수': 'double'에서 'float'(으)로 잘립니다.
D:\___03_Workspace\C++\IMBT_optimizer\src\IMBT_Optimizer\IMBT_Optimizer\IMBT_OptimizerDlg.cpp(241,4): warning C4305: '인수': 'double'에서 'float'(으)로 잘립니다.
D:\___03_Workspace\C++\IMBT_optimizer\src\IMBT_Optimizer\IMBT_Optimizer\IMBT_OptimizerDlg.cpp(242,20): warning C4305: '인수': 'double'에서 'float'(으)로 잘립니다.
D:\___03_Workspace\C++\IMBT_optimizer\src\IMBT_Optimizer\IMBT_Optimizer\IMBT_OptimizerDlg.cpp(242,12): warning C4305: '인수': 'double'에서 'float'(으)로 잘립니다.
D:\___03_Workspace\C++\IMBT_optimizer\src\IMBT_Optimizer\IMBT_Optimizer\IMBT_OptimizerDlg.cpp(242,4): warning C4305: '인수': 'double'에서 'float'(으)로 잘립니다.
D:\___03_Workspace\C++\IMBT_optimizer\src\IMBT_Optimizer\IMBT_Optimizer\IMBT_OptimizerDlg.cpp(243,20): warning C4305: '인수': 'double'에서 'float'(으)로 잘립니다.
D:\___03_Workspace\C++\IMBT_optimizer\src\IMBT_Optimizer\IMBT_Optimizer\IMBT_OptimizerDlg.cpp(243,12): warning C4305: '인수': 'double'에서 'float'(으)로 잘립니다.
D:\___03_Workspace\C++\IMBT_optimizer\src\IMBT_Optimizer\IMBT_Optimizer\IMBT_OptimizerDlg.cpp(243,4): warning C4305: '인수': 'double'에서 'float'(으)로 잘립니다.
D:\___03_Workspace\C++\IMBT_optimizer\src\IMBT_Optimizer\IMBT_Optimizer\IMBT_OptimizerDlg.cpp(244,20): warning C4305: '인수': 'double'에서 'float'(으)로 잘립니다.
D:\___03_Workspace\C++\IMBT_optimizer\src\IMBT_Optimizer\IMBT_Optimizer\IMBT_OptimizerDlg.cpp(244,12): warning C4305: '인수': 'double'에서 'float'(으)로 잘립니다.
D:\___03_Workspace\C++\IMBT_optimizer\src\IMBT_Optimizer\IMBT_Optimizer\IMBT_OptimizerDlg.cpp(244,4): warning C4305: '인수': 'double'에서 'float'(으)로 잘립니다.
D:\___03_Workspace\C++\IMBT_optimizer\src\IMBT_Optimizer\IMBT_Optimizer\IMBT_OptimizerDlg.cpp(245,20): warning C4305: '인수': 'double'에서 'float'(으)로 잘립니다.
D:\___03_Workspace\C++\IMBT_optimizer\src\IMBT_Optimizer\IMBT_Optimizer\IMBT_OptimizerDlg.cpp(245,4): warning C4305: '인수': 'double'에서 'float'(으)로 잘립니다.
D:\___03_Workspace\C++\IMBT_optimizer\src\IMBT_Optimizer\IMBT_Optimizer\IMBT_OptimizerDlg.cpp(246,20): warning C4305: '인수': 'double'에서 'float'(으)로 잘립니다.
D:\___03_Workspace\C++\IMBT_optimizer\src\IMBT_Optimizer\IMBT_Optimizer\IMBT_OptimizerDlg.cpp(246,12): warning C4305: '인수': 'double'에서 'float'(으)로 잘립니다.
D:\___03_Workspace\C++\IMBT_optimizer\src\IMBT_Optimizer\IMBT_Optimizer\IMBT_OptimizerDlg.cpp(246,4): warning C4305: '인수': 'double'에서 'float'(으)로 잘립니다.
D:\___03_Workspace\C++\IMBT_optimizer\src\IMBT_Optimizer\IMBT_Optimizer\IMBT_OptimizerDlg.cpp(247,20): warning C4305: '인수': 'double'에서 'float'(으)로 잘립니다.
D:\___03_Workspace\C++\IMBT_optimizer\src\IMBT_Optimizer\IMBT_Optimizer\IMBT_OptimizerDlg.cpp(247,12): warning C4305: '인수': 'double'에서 'float'(으)로 잘립니다.
D:\___03_Workspace\C++\IMBT_optimizer\src\IMBT_Optimizer\IMBT_Optimizer\IMBT_OptimizerDlg.cpp(247,4): warning C4305: '인수': 'double'에서 'float'(으)로 잘립니다.
D:\___03_Workspace\C++\IMBT_optimizer\src\IMBT_Optimizer\IMBT_Optimizer\IMBT_OptimizerDlg.cpp(248,20): warning C4305: '인수': 'double'에서 'float'(으)로 잘립니다.
D:\___03_Workspace\C++\IMBT_optimizer\src\IMBT_Optimizer\IMBT_Optimizer\IMBT_OptimizerDlg.cpp(248,12): warning C4305: '인수': 'double'에서 'float'(으)로 잘립니다.
D:\___03_Workspace\C++\IMBT_optimizer\src\IMBT_Optimizer\IMBT_Optimizer\IMBT_OptimizerDlg.cpp(248,4): warning C4305: '인수': 'double'에서 'float'(으)로 잘립니다.
D:\___03_Workspace\C++\IMBT_optimizer\src\IMBT_Optimizer\IMBT_Optimizer\IMBT_OptimizerDlg.cpp(249,20): warning C4305: '인수': 'double'에서 'float'(으)로 잘립니다.
D:\___03_Workspace\C++\IMBT_optimizer\src\IMBT_Optimizer\IMBT_Optimizer\IMBT_OptimizerDlg.cpp(249,12): warning C4305: '인수': 'double'에서 'float'(으)로 잘립니다.
D:\___03_Workspace\C++\IMBT_optimizer\src\IMBT_Optimizer\IMBT_Optimizer\IMBT_OptimizerDlg.cpp(249,4): warning C4305: '인수': 'double'에서 'float'(으)로 잘립니다.
D:\___03_Workspace\C++\IMBT_optimizer\src\IMBT_Optimizer\IMBT_Optimizer\IMBT_OptimizerDlg.cpp(250,20): warning C4305: '인수': 'double'에서 'float'(으)로 잘립니다.
D:\___03_Workspace\C++\IMBT_optimizer\src\IMBT_Optimizer\IMBT_Optimizer\IMBT_OptimizerDlg.cpp(250,12): warning C4305: '인수': 'double'에서 'float'(으)로 잘립니다.
D:\___03_Workspace\C++\IMBT_optimizer\src\IMBT_Optimizer\IMBT_Optimizer\IMBT_OptimizerDlg.cpp(250,4): warning C4305: '인수': 'double'에서 'float'(으)로 잘립니다.
D:\___03_Workspace\C++\IMBT_optimizer\src\IMBT_Optimizer\IMBT_Optimizer\IMBT_OptimizerDlg.cpp(251,12): warning C4305: '인수': 'double'에서 'float'(으)로 잘립니다.
D:\___03_Workspace\C++\IMBT_optimizer\src\IMBT_Optimizer\IMBT_Optimizer\IMBT_OptimizerDlg.cpp(251,4): warning C4305: '인수': 'double'에서 'float'(으)로 잘립니다.
D:\___03_Workspace\C++\IMBT_optimizer\src\IMBT_Optimizer\IMBT_Optimizer\IMBT_OptimizerDlg.cpp(252,20): warning C4305: '인수': 'double'에서 'float'(으)로 잘립니다.
D:\___03_Workspace\C++\IMBT_optimizer\src\IMBT_Optimizer\IMBT_Optimizer\IMBT_OptimizerDlg.cpp(252,12): warning C4305: '인수': 'double'에서 'float'(으)로 잘립니다.
D:\___03_Workspace\C++\IMBT_optimizer\src\IMBT_Optimizer\IMBT_Optimizer\IMBT_OptimizerDlg.cpp(252,4): warning C4305: '인수': 'double'에서 'float'(으)로 잘립니다.
D:\___03_Workspace\C++\IMBT_optimizer\src\IMBT_Optimizer\IMBTOptimizerDialog\includes\NumCpp\NdArray\NdArrayCore.hpp(3958,71): warning C4267: '인수': 'size_t'에서 'nc::NdArray<nc::NdArray<dtype,Allocator>::size_type,std::allocator<std::_Vbase>>::size_type'(으)로 변환하면서 데이터가 손실될 수 있습니다.
  (소스 파일 'IMBT_OptimizerDlg.cpp'을(를) 컴파일하는 중)
      D:\___03_Workspace\C++\IMBT_optimizer\src\IMBT_Optimizer\IMBTOptimizerDialog\includes\NumCpp\NdArray\NdArrayCore.hpp(3958,71):
      템플릿 인스턴스화 컨텍스트(가장 오래된 인스턴스화 컨텍스트)가
          D:\___03_Workspace\C++\IMBT_optimizer\src\IMBT_Optimizer\IMBTOptimizerDialog\includes\NumCpp\Functions\unpackbits.hpp(51,27):
          컴파일되는 클래스 템플릿 인스턴스화 'nc::NdArray<nc::uint8,std::allocator<uchar>>'에 대한 참조를 확인하세요.
          D:\___03_Workspace\C++\IMBT_optimizer\src\IMBT_Optimizer\IMBTOptimizerDialog\includes\NumCpp\NdArray\NdArrayCore.hpp(4075,20):
          클래스 템플릿 멤버 함수 'nc::NdArray<nc::uint8,std::allocator<uchar>> &nc::NdArray<nc::uint8,std::allocator<uchar>>::put(nc::NdArray<nc::uint8,std::allocator<uchar>>::index_type,const nc::Slice &,const nc::NdArray<nc::uint8,std::allocator<uchar>> &)'을(를) 컴파일하는 중입니다.
              D:\___03_Workspace\C++\IMBT_optimizer\src\IMBT_Optimizer\IMBTOptimizerDialog\includes\NumCpp\Functions\unpackbits.hpp(81,31):
              'nc::unpackbitsLittleEndian'에서 'nc::NdArray<nc::uint8,std::allocator<uchar>>::put'에 대한 첫 번째 참조를 확인하세요.
          D:\___03_Workspace\C++\IMBT_optimizer\src\IMBT_Optimizer\IMBTOptimizerDialog\includes\NumCpp\NdArray\NdArrayCore.hpp(4078,20):
          컴파일되는 함수 템플릿 인스턴스화 'nc::NdArray<nc::uint8,std::allocator<uchar>> &nc::NdArray<nc::uint8,std::allocator<uchar>>::put<nc::NdArray<int,std::allocator<int>>,nc::NdArray<nc::NdArray<dtype,Allocator>::size_type,std::allocator<std::_Vbase>>,0,0>(const RowIndices &,const ColIndices &,const nc::NdArray<nc::uint8,std::allocator<uchar>> &)'에 대한 참조를 확인하세요.
          with
          [
              RowIndices=nc::NdArray<int,std::allocator<int>>,
              ColIndices=nc::NdArray<nc::NdArray<dtype,Allocator>::size_type,std::allocator<std::_Vbase>>
          ]
  
     D:\___03_Workspace\C++\IMBT_optimizer\src\IMBT_Optimizer\x64\Release\IMBT_Optimizer.lib 라이브러리 및 D:\___03_Workspace\C++\IMBT_optimizer\src\IMBT_Optimizer\x64\Release\IMBT_Optimizer.exp 개체를 생성하고 있습니다.
  코드를 생성하고 있습니다.
  38 of 1148 functions ( 3.3%) were compiled, the rest were copied from previous compilation.
    1 functions were new in current compilation
    65 functions had inline decision re-evaluated but remain unchanged
  코드를 생성했습니다.
  IMBT_Optimizer.vcxproj -> D:\___03_Workspace\C++\IMBT_optimizer\src\IMBT_Optimizer\x64\Release\IMBT_Optimizer.exe
  'pwsh.exe'은(는) 내부 또는 외부 명령, 실행할 수 있는 프로그램, 또는
  배치 파일이 아닙니다.
