d:\___03_workspace\c++\imbt_optimizer\src\imbt_optimizer\imbtoptimizerdialog\x64\release\imbtoptimizerdialog.pch
d:\___03_workspace\c++\imbt_optimizer\src\imbt_optimizer\imbtoptimizerdialog\x64\release\vc143.pdb
d:\___03_workspace\c++\imbt_optimizer\src\imbt_optimizer\imbtoptimizerdialog\x64\release\pch.obj
d:\___03_workspace\c++\imbt_optimizer\src\imbt_optimizer\imbtoptimizerdialog\x64\release\stylesheet.obj
d:\___03_workspace\c++\imbt_optimizer\src\imbt_optimizer\imbtoptimizerdialog\x64\release\get_dvhs.obj
d:\___03_workspace\c++\imbt_optimizer\src\imbt_optimizer\imbtoptimizerdialog\x64\release\main_brachy_gs_l0_patient2_ovoid_2022.obj
d:\___03_workspace\c++\imbt_optimizer\src\imbt_optimizer\imbtoptimizerdialog\x64\release\create_dosematrix_pure_matlab_c__.obj
d:\___03_workspace\c++\imbt_optimizer\src\imbt_optimizer\imbtoptimizerdialog\x64\release\panelrtdisplay.obj
d:\___03_workspace\c++\imbt_optimizer\src\imbt_optimizer\imbtoptimizerdialog\x64\release\openclhandler.obj
d:\___03_workspace\c++\imbt_optimizer\src\imbt_optimizer\imbtoptimizerdialog\x64\release\implot_items.obj
d:\___03_workspace\c++\imbt_optimizer\src\imbt_optimizer\imbtoptimizerdialog\x64\release\implot.obj
d:\___03_workspace\c++\imbt_optimizer\src\imbt_optimizer\imbtoptimizerdialog\x64\release\imgui_widgets.obj
d:\___03_workspace\c++\imbt_optimizer\src\imbt_optimizer\imbtoptimizerdialog\x64\release\imgui_tables.obj
d:\___03_workspace\c++\imbt_optimizer\src\imbt_optimizer\imbtoptimizerdialog\x64\release\imgui_draw.obj
d:\___03_workspace\c++\imbt_optimizer\src\imbt_optimizer\imbtoptimizerdialog\x64\release\imgui_demo.obj
d:\___03_workspace\c++\imbt_optimizer\src\imbt_optimizer\imbtoptimizerdialog\x64\release\imgui.obj
d:\___03_workspace\c++\imbt_optimizer\src\imbt_optimizer\imbtoptimizerdialog\x64\release\imgui_impl_opengl3.obj
d:\___03_workspace\c++\imbt_optimizer\src\imbt_optimizer\imbtoptimizerdialog\x64\release\imgui_impl_glfw.obj
d:\___03_workspace\c++\imbt_optimizer\src\imbt_optimizer\imbtoptimizerdialog\x64\release\imbtoptimizerdialog_imgui.obj
d:\___03_workspace\c++\imbt_optimizer\src\imbt_optimizer\imbtoptimizerdialog\x64\release\imbtoptimizerdialog.obj
d:\___03_workspace\c++\imbt_optimizer\src\imbt_optimizer\imbtoptimizerdialog\x64\release\crunningdlg.obj
d:\___03_workspace\c++\imbt_optimizer\src\imbt_optimizer\imbtoptimizerdialog\x64\release\cdialogimbtoptimizer_imgui.obj
d:\___03_workspace\c++\imbt_optimizer\src\imbt_optimizer\imbtoptimizerdialog\x64\release\cdialogimbtoptimizer.obj
d:\___03_workspace\c++\imbt_optimizer\src\imbt_optimizer\imbtoptimizerdialog\x64\release\unibutton.obj
d:\___03_workspace\c++\imbt_optimizer\src\imbt_optimizer\imbtoptimizerdialog\x64\release\dllmain.obj
d:\___03_workspace\c++\imbt_optimizer\src\imbt_optimizer\imbtoptimizerdialog\x64\release\gl3w.obj
d:\___03_workspace\c++\imbt_optimizer\src\imbt_optimizer\x64\release\opencl.dll
d:\___03_workspace\c++\imbt_optimizer\src\imbt_optimizer\x64\release\imbtoptimizerdialog.dll
d:\___03_workspace\c++\imbt_optimizer\src\imbt_optimizer\x64\release\imbtoptimizerdialog.pdb
d:\___03_workspace\c++\imbt_optimizer\src\imbt_optimizer\imbtoptimizerdialog\x64\release\imbtoptimizerdialog.res
d:\___03_workspace\c++\imbt_optimizer\src\imbt_optimizer\x64\release\imbtoptimizerdialog.lib
d:\___03_workspace\c++\imbt_optimizer\src\imbt_optimizer\x64\release\imbtoptimizerdialog.exp
d:\___03_workspace\c++\imbt_optimizer\src\imbt_optimizer\imbtoptimizerdialog\x64\release\imbtoptimizerdialog.ipdb
d:\___03_workspace\c++\imbt_optimizer\src\imbt_optimizer\imbtoptimizerdialog\x64\release\imbtoptimizerdialog.iobj
d:\___03_workspace\c++\imbt_optimizer\src\imbt_optimizer\imbtoptimizerdialog\x64\release\imbtopti.6b0cff3d.tlog\cl.command.1.tlog
d:\___03_workspace\c++\imbt_optimizer\src\imbt_optimizer\imbtoptimizerdialog\x64\release\imbtopti.6b0cff3d.tlog\cl.items.tlog
d:\___03_workspace\c++\imbt_optimizer\src\imbt_optimizer\imbtoptimizerdialog\x64\release\imbtopti.6b0cff3d.tlog\cl.read.1.tlog
d:\___03_workspace\c++\imbt_optimizer\src\imbt_optimizer\imbtoptimizerdialog\x64\release\imbtopti.6b0cff3d.tlog\cl.write.1.tlog
d:\___03_workspace\c++\imbt_optimizer\src\imbt_optimizer\imbtoptimizerdialog\x64\release\imbtopti.6b0cff3d.tlog\imbtoptimizerdialog.write.1u.tlog
d:\___03_workspace\c++\imbt_optimizer\src\imbt_optimizer\imbtoptimizerdialog\x64\release\imbtopti.6b0cff3d.tlog\link.command.1.tlog
d:\___03_workspace\c++\imbt_optimizer\src\imbt_optimizer\imbtoptimizerdialog\x64\release\imbtopti.6b0cff3d.tlog\link.read.1.tlog
d:\___03_workspace\c++\imbt_optimizer\src\imbt_optimizer\imbtoptimizerdialog\x64\release\imbtopti.6b0cff3d.tlog\link.secondary.1.tlog
d:\___03_workspace\c++\imbt_optimizer\src\imbt_optimizer\imbtoptimizerdialog\x64\release\imbtopti.6b0cff3d.tlog\link.write.1.tlog
d:\___03_workspace\c++\imbt_optimizer\src\imbt_optimizer\imbtoptimizerdialog\x64\release\imbtopti.6b0cff3d.tlog\rc.command.1.tlog
d:\___03_workspace\c++\imbt_optimizer\src\imbt_optimizer\imbtoptimizerdialog\x64\release\imbtopti.6b0cff3d.tlog\rc.read.1.tlog
d:\___03_workspace\c++\imbt_optimizer\src\imbt_optimizer\imbtoptimizerdialog\x64\release\imbtopti.6b0cff3d.tlog\rc.write.1.tlog
